Release 14.7 - xst P.20131013 (nt64)
Copyright (c) 1995-2013 Xilinx, Inc.  All rights reserved.
--> Parameter TMPDIR set to xst/projnav.tmp


Total REAL time to Xst completion: 0.00 secs
Total CPU time to Xst completion: 0.06 secs
 
--> Parameter xsthdpdir set to xst


Total REAL time to Xst completion: 0.00 secs
Total CPU time to Xst completion: 0.06 secs
 
--> Reading design: RAM.prj

TABLE OF CONTENTS
  1) Synthesis Options Summary
  2) HDL Compilation
  3) Design Hierarchy Analysis
  4) HDL Analysis
  5) HDL Synthesis
     5.1) HDL Synthesis Report
  6) Advanced HDL Synthesis
     6.1) Advanced HDL Synthesis Report
  7) Low Level Synthesis
  8) Partition Report
  9) Final Report
	9.1) Device utilization summary
	9.2) Partition Resource Summary
	9.3) TIMING REPORT


=========================================================================
*                      Synthesis Options Summary                        *
=========================================================================
---- Source Parameters
Input File Name                    : "RAM.prj"
Input Format                       : mixed
Ignore Synthesis Constraint File   : NO

---- Target Parameters
Output File Name                   : "RAM"
Output Format                      : NGC
Target Device                      : xc3s400-5-pq208

---- Source Options
Top Module Name                    : RAM
Automatic FSM Extraction           : YES
FSM Encoding Algorithm             : Auto
Safe Implementation                : No
FSM Style                          : LUT
RAM Extraction                     : Yes
RAM Style                          : Auto
ROM Extraction                     : Yes
Mux Style                          : Auto
Decoder Extraction                 : YES
Priority Encoder Extraction        : Yes
Shift Register Extraction          : YES
Logical Shifter Extraction         : YES
XOR Collapsing                     : YES
ROM Style                          : Auto
Mux Extraction                     : Yes
Resource Sharing                   : YES
Asynchronous To Synchronous        : NO
Multiplier Style                   : Auto
Automatic Register Balancing       : No

---- Target Options
Add IO Buffers                     : YES
Global Maximum Fanout              : 100000
Add Generic Clock Buffer(BUFG)     : 8
Register Duplication               : YES
Slice Packing                      : YES
Optimize Instantiated Primitives   : NO
Use Clock Enable                   : Yes
Use Synchronous Set                : Yes
Use Synchronous Reset              : Yes
Pack IO Registers into IOBs        : Auto
Equivalent register Removal        : YES

---- General Options
Optimization Goal                  : Speed
Optimization Effort                : 1
Keep Hierarchy                     : No
Netlist Hierarchy                  : As_Optimized
RTL Output                         : Yes
Global Optimization                : AllClockNets
Read Cores                         : YES
Write Timing Constraints           : NO
Cross Clock Analysis               : NO
Hierarchy Separator                : /
Bus Delimiter                      : <>
Case Specifier                     : Maintain
Slice Utilization Ratio            : 100
BRAM Utilization Ratio             : 100
Verilog 2001                       : YES
Auto BRAM Packing                  : NO
Slice Utilization Ratio Delta      : 5

=========================================================================


=========================================================================
*                          HDL Compilation                              *
=========================================================================
WARNING:HDLParsers:3607 - Unit work/RAM is now defined in a different file.  It was defined in "D:/9531703-9731505/Memory/RAM.vhd", and is now defined in "D:/407-426/J7/RAM.vhd".
WARNING:HDLParsers:3607 - Unit work/RAM/Behavioral is now defined in a different file.  It was defined in "D:/9531703-9731505/Memory/RAM.vhd", and is now defined in "D:/407-426/J7/RAM.vhd".
Compiling vhdl file "D:/407-426/J7/RAM.vhd" in Library work.
Entity <ram> compiled.
Entity <ram> (Architecture <behavioral>) compiled.

=========================================================================
*                     Design Hierarchy Analysis                         *
=========================================================================
Analyzing hierarchy for entity <RAM> in library <work> (architecture <behavioral>).


=========================================================================
*                            HDL Analysis                               *
=========================================================================
Analyzing Entity <RAM> in library <work> (Architecture <behavioral>).
Entity <RAM> analyzed. Unit <RAM> generated.


=========================================================================
*                           HDL Synthesis                               *
=========================================================================

Performing bidirectional port resolution...

Synthesizing Unit <RAM>.
    Related source file is "D:/407-426/J7/RAM.vhd".
    Found 5-bit register for signal <Data_out>.
    Found 5-bit 32-to-1 multiplexer for signal <$varindex0000> created at line 57.
    Found 160-bit register for signal <ram>.
    Summary:
	inferred 165 D-type flip-flop(s).
	inferred   5 Multiplexer(s).
Unit <RAM> synthesized.


=========================================================================
HDL Synthesis Report

Macro Statistics
# Registers                                            : 33
 5-bit register                                        : 33
# Multiplexers                                         : 1
 5-bit 32-to-1 multiplexer                             : 1

=========================================================================

=========================================================================
*                       Advanced HDL Synthesis                          *
=========================================================================


=========================================================================
Advanced HDL Synthesis Report

Macro Statistics
# Registers                                            : 165
 Flip-Flops                                            : 165
# Multiplexers                                         : 1
 5-bit 32-to-1 multiplexer                             : 1

=========================================================================

=========================================================================
*                         Low Level Synthesis                           *
=========================================================================

Optimizing unit <RAM> ...

Mapping all equations...
Building and optimizing final netlist ...
Found area constraint ratio of 100 (+ 5) on block RAM, actual ratio is 3.

Final Macro Processing ...

=========================================================================
Final Register Report

Macro Statistics
# Registers                                            : 165
 Flip-Flops                                            : 165

=========================================================================

=========================================================================
*                           Partition Report                            *
=========================================================================

Partition Implementation Status
-------------------------------

  No Partitions were found in this design.

-------------------------------

=========================================================================
*                            Final Report                               *
=========================================================================
Final Results
RTL Top Level Output File Name     : RAM.ngr
Top Level Output File Name         : RAM
Output Format                      : NGC
Optimization Goal                  : Speed
Keep Hierarchy                     : No

Design Statistics
# IOs                              : 19

Cell Usage :
# BELS                             : 192
#      LUT3                        : 81
#      LUT4                        : 36
#      MUXF5                       : 40
#      MUXF6                       : 20
#      MUXF7                       : 10
#      MUXF8                       : 5
# FlipFlops/Latches                : 165
#      FDE                         : 5
#      FDRE                        : 80
#      FDSE                        : 80
# Clock Buffers                    : 1
#      BUFGP                       : 1
# IO Buffers                       : 18
#      IBUF                        : 13
#      OBUF                        : 5
=========================================================================

Device utilization summary:
---------------------------

Selected Device : 3s400pq208-5 

 Number of Slices:                      132  out of   3584     3%  
 Number of Slice Flip Flops:            165  out of   7168     2%  
 Number of 4 input LUTs:                117  out of   7168     1%  
 Number of IOs:                          19
 Number of bonded IOBs:                  19  out of    141    13%  
 Number of GCLKs:                         1  out of      8    12%  

---------------------------
Partition Resource Summary:
---------------------------

  No Partitions were found in this design.

---------------------------


=========================================================================
TIMING REPORT

NOTE: THESE TIMING NUMBERS ARE ONLY A SYNTHESIS ESTIMATE.
      FOR ACCURATE TIMING INFORMATION PLEASE REFER TO THE TRACE REPORT
      GENERATED AFTER PLACE-and-ROUTE.

Clock Information:
------------------
-----------------------------------+------------------------+-------+
Clock Signal                       | Clock buffer(FF name)  | Load  |
-----------------------------------+------------------------+-------+
clk                                | BUFGP                  | 165   |
-----------------------------------+------------------------+-------+

Asynchronous Control Signals Information:
----------------------------------------
No asynchronous control signals found in this design

Timing Summary:
---------------
Speed Grade: -5

   Minimum period: 3.340ns (Maximum Frequency: 299.415MHz)
   Minimum input arrival time before clock: 6.069ns
   Maximum output required time after clock: 6.216ns
   Maximum combinational path delay: No path found

Timing Detail:
--------------
All values displayed in nanoseconds (ns)

=========================================================================
Timing constraint: Default period analysis for Clock 'clk'
  Clock period: 3.340ns (frequency: 299.415MHz)
  Total number of paths / destination ports: 160 / 5
-------------------------------------------------------------------------
Delay:               3.340ns (Levels of Logic = 5)
  Source:            ram_0_0 (FF)
  Destination:       Data_out_0 (FF)
  Source Clock:      clk rising
  Destination Clock: clk rising

  Data Path: ram_0_0 to Data_out_0
                                Gate     Net
    Cell:in->out      fanout   Delay   Delay  Logical Name (Net Name)
    ----------------------------------------  ------------
     FDRE:C->Q             1   0.626   0.851  ram_0_0 (ram_0_0)
     LUT3:I1->O            1   0.479   0.000  Mmux__varindex0000_10 (Mmux__varindex0000_10)
     MUXF5:I0->O           1   0.314   0.000  Mmux__varindex0000_8_f5 (Mmux__varindex0000_8_f5)
     MUXF6:I0->O           1   0.298   0.000  Mmux__varindex0000_6_f6 (Mmux__varindex0000_6_f6)
     MUXF7:I0->O           1   0.298   0.000  Mmux__varindex0000_4_f7 (Mmux__varindex0000_4_f7)
     MUXF8:I0->O           1   0.298   0.000  Mmux__varindex0000_2_f8 (_varindex0000<0>)
     FDE:D                     0.176          Data_out_0
    ----------------------------------------
    Total                      3.340ns (2.489ns logic, 0.851ns route)
                                       (74.5% logic, 25.5% route)

=========================================================================
Timing constraint: Default OFFSET IN BEFORE for Clock 'clk'
  Total number of paths / destination ports: 1610 / 490
-------------------------------------------------------------------------
Offset:              6.069ns (Levels of Logic = 3)
  Source:            Addr<0> (PAD)
  Destination:       ram_4_0 (FF)
  Destination Clock: clk rising

  Data Path: Addr<0> to ram_4_0
                                Gate     Net
    Cell:in->out      fanout   Delay   Delay  Logical Name (Net Name)
    ----------------------------------------  ------------
     IBUF:I->O            84   0.715   1.998  Addr_0_IBUF (Addr_0_IBUF)
     LUT4:I1->O            8   0.479   1.091  ram_0_not000161 (ram_0_not0001_bdd4)
     LUT4:I1->O            5   0.479   0.783  ram_4_not000111 (ram_4_not0001)
     FDRE:CE                   0.524          ram_4_0
    ----------------------------------------
    Total                      6.069ns (2.197ns logic, 3.872ns route)
                                       (36.2% logic, 63.8% route)

=========================================================================
Timing constraint: Default OFFSET OUT AFTER for Clock 'clk'
  Total number of paths / destination ports: 5 / 5
-------------------------------------------------------------------------
Offset:              6.216ns (Levels of Logic = 1)
  Source:            Data_out_4 (FF)
  Destination:       Data_out<4> (PAD)
  Source Clock:      clk rising

  Data Path: Data_out_4 to Data_out<4>
                                Gate     Net
    Cell:in->out      fanout   Delay   Delay  Logical Name (Net Name)
    ----------------------------------------  ------------
     FDE:C->Q              1   0.626   0.681  Data_out_4 (Data_out_4)
     OBUF:I->O                 4.909          Data_out_4_OBUF (Data_out<4>)
    ----------------------------------------
    Total                      6.216ns (5.535ns logic, 0.681ns route)
                                       (89.0% logic, 11.0% route)

=========================================================================


Total REAL time to Xst completion: 4.00 secs
Total CPU time to Xst completion: 3.49 secs
 
--> 

Total memory usage is 264112 kilobytes

Number of errors   :    0 (   0 filtered)
Number of warnings :    2 (   0 filtered)
Number of infos    :    0 (   0 filtered)

