Running: C:\Xilinx\14.7\ISE_DS\ISE\bin\nt64\unwrapped\fuse.exe -intstyle ise -incremental -o D:/407 - 426/J9/TB_isim_beh.exe -prj D:/407 - 426/J9/TB_beh.prj work.TB 
ISim P.20131013 (signature 0x7708f090)
Number of CPUs detected in this system: 8
Turning on mult-threading, number of parallel sub-compilation jobs: 16 
Determining compilation order of HDL files
Parsing VHDL file "D:/407 - 426/J9/CPU.vhd" into library work
Parsing VHDL file "D:/407 - 426/J9/TB.vhd" into library work
Starting static elaboration
Completed static elaboration
Compiling package standard
Compiling package std_logic_1164
Compiling package std_logic_arith
Compiling package std_logic_unsigned
Compiling package numeric_std
Compiling architecture cpu_arch of entity CPU8BIT2 [cpu8bit2_default]
Compiling architecture behavior of entity tb
Time Resolution for simulation is 1ps.
Waiting for 1 sub-compilation(s) to finish...
Compiled 8 VHDL Units
Built simulation executable D:/407 - 426/J9/TB_isim_beh.exe
Fuse Memory Usage: 37732 KB
Fuse CPU Usage: 358 ms
