#-----------------------------------------------------------
# PlanAhead v14.7 (64-bit)
# Build 321239 by xbuild on Fri Sep 27 19:29:51 MDT 2013
# Start of session at: Tue Apr 23 17:50:47 2019
# Process ID: 3640
# Log file: D:/9531703-9731505/Memory/planAhead_run_2/planAhead.log
# Journal file: D:/9531703-9731505/Memory/planAhead_run_2/planAhead.jou
#-----------------------------------------------------------
INFO: [Common 17-78] Attempting to get a license: PlanAhead
INFO: [Common 17-290] Got license for PlanAhead
INFO: [Device 21-36] Loading parts and site information from C:/Xilinx/14.7/ISE_DS/PlanAhead/data/parts/arch.xml
Parsing RTL primitives file [C:/Xilinx/14.7/ISE_DS/PlanAhead/data/parts/xilinx/rtl/prims/rtl_prims.xml]
Finished parsing RTL primitives file [C:/Xilinx/14.7/ISE_DS/PlanAhead/data/parts/xilinx/rtl/prims/rtl_prims.xml]
start_gui
source D:/9531703-9731505/Memory/pa.fromNetlist.tcl
# create_project -name Memory -dir "D:/9531703-9731505/Memory/planAhead_run_2" -part xc3s400pq208-5
ERROR: [Common 17-53] User Exception: Project already exists on disk, please use '-force' option to overwrite: 
     D:/9531703-9731505/Memory/planAhead_run_2/Memory.ppr
     D:/9531703-9731505/Memory/planAhead_run_2/Memory.data

    while executing
"create_project -name Memory -dir "D:/9531703-9731505/Memory/planAhead_run_2" -part xc3s400pq208-5"
    (file "D:/9531703-9731505/Memory/pa.fromNetlist.tcl" line 4)
exit
INFO: [Common 17-206] Exiting PlanAhead at Tue Apr 23 17:51:01 2019...
INFO: [Common 17-83] Releasing license: PlanAhead
