Release 14.7 - xst P.20131013 (nt64)
Copyright (c) 1995-2013 Xilinx, Inc.  All rights reserved.
--> Parameter TMPDIR set to xst/projnav.tmp


Total REAL time to Xst completion: 0.00 secs
Total CPU time to Xst completion: 0.06 secs
 
--> Parameter xsthdpdir set to xst


Total REAL time to Xst completion: 0.00 secs
Total CPU time to Xst completion: 0.06 secs
 
--> Reading design: notPipelined.prj

TABLE OF CONTENTS
  1) Synthesis Options Summary
  2) HDL Compilation
  3) Design Hierarchy Analysis
  4) HDL Analysis
  5) HDL Synthesis
     5.1) HDL Synthesis Report
  6) Advanced HDL Synthesis
     6.1) Advanced HDL Synthesis Report
  7) Low Level Synthesis
  8) Partition Report
  9) Final Report
	9.1) Device utilization summary
	9.2) Partition Resource Summary
	9.3) TIMING REPORT


=========================================================================
*                      Synthesis Options Summary                        *
=========================================================================
---- Source Parameters
Input File Name                    : "notPipelined.prj"
Input Format                       : mixed
Ignore Synthesis Constraint File   : NO

---- Target Parameters
Output File Name                   : "notPipelined"
Output Format                      : NGC
Target Device                      : xc3s400-5-pq208

---- Source Options
Top Module Name                    : notPipelined
Automatic FSM Extraction           : YES
FSM Encoding Algorithm             : Auto
Safe Implementation                : No
FSM Style                          : LUT
RAM Extraction                     : Yes
RAM Style                          : Auto
ROM Extraction                     : Yes
Mux Style                          : Auto
Decoder Extraction                 : YES
Priority Encoder Extraction        : Yes
Shift Register Extraction          : YES
Logical Shifter Extraction         : YES
XOR Collapsing                     : YES
ROM Style                          : Auto
Mux Extraction                     : Yes
Resource Sharing                   : YES
Asynchronous To Synchronous        : NO
Multiplier Style                   : Auto
Automatic Register Balancing       : No

---- Target Options
Add IO Buffers                     : YES
Global Maximum Fanout              : 100000
Add Generic Clock Buffer(BUFG)     : 8
Register Duplication               : YES
Slice Packing                      : YES
Optimize Instantiated Primitives   : NO
Use Clock Enable                   : Yes
Use Synchronous Set                : Yes
Use Synchronous Reset              : Yes
Pack IO Registers into IOBs        : Auto
Equivalent register Removal        : YES

---- General Options
Optimization Goal                  : Speed
Optimization Effort                : 1
Keep Hierarchy                     : No
Netlist Hierarchy                  : As_Optimized
RTL Output                         : Yes
Global Optimization                : AllClockNets
Read Cores                         : YES
Write Timing Constraints           : NO
Cross Clock Analysis               : NO
Hierarchy Separator                : /
Bus Delimiter                      : <>
Case Specifier                     : Maintain
Slice Utilization Ratio            : 100
BRAM Utilization Ratio             : 100
Verilog 2001                       : YES
Auto BRAM Packing                  : NO
Slice Utilization Ratio Delta      : 5

=========================================================================


=========================================================================
*                          HDL Compilation                              *
=========================================================================
Compiling vhdl file "D:/407 - 426/J11/notPipelined.vhd" in Library work.
Entity <notPipelined> compiled.
Entity <notPipelined> (Architecture <Behavioral>) compiled.

=========================================================================
*                     Design Hierarchy Analysis                         *
=========================================================================
Analyzing hierarchy for entity <notPipelined> in library <work> (architecture <Behavioral>).


=========================================================================
*                            HDL Analysis                               *
=========================================================================
Analyzing Entity <notPipelined> in library <work> (Architecture <Behavioral>).
Entity <notPipelined> analyzed. Unit <notPipelined> generated.


=========================================================================
*                           HDL Synthesis                               *
=========================================================================

Performing bidirectional port resolution...

Synthesizing Unit <notPipelined>.
    Related source file is "D:/407 - 426/J11/notPipelined.vhd".
    Found 8-bit register for signal <result>.
    Found 6x2-bit multiplier for signal <result$mult0000> created at line 50.
    Found 2x2-bit multiplier for signal <result$mult0001> created at line 50.
    Found 4x2-bit multiplier for signal <result$mult0002> created at line 50.
    Summary:
	inferred   8 D-type flip-flop(s).
	inferred   3 Multiplier(s).
Unit <notPipelined> synthesized.


=========================================================================
HDL Synthesis Report

Macro Statistics
# Multipliers                                          : 3
 2x2-bit multiplier                                    : 1
 4x2-bit multiplier                                    : 1
 6x2-bit multiplier                                    : 1
# Registers                                            : 1
 8-bit register                                        : 1

=========================================================================

=========================================================================
*                       Advanced HDL Synthesis                          *
=========================================================================


Synthesizing (advanced) Unit <notPipelined>.
	Found pipelined multiplier on signal <result_mult0000>:
		- 1 pipeline level(s) found in a register connected to the multiplier macro output.
		Pushing register(s) into the multiplier macro.
Unit <notPipelined> synthesized (advanced).

=========================================================================
Advanced HDL Synthesis Report

Macro Statistics
# Multipliers                                          : 3
 2x2-bit multiplier                                    : 1
 4x2-bit multiplier                                    : 1
 6x2-bit registered multiplier                         : 1

=========================================================================

=========================================================================
*                         Low Level Synthesis                           *
=========================================================================

Optimizing unit <notPipelined> ...

Mapping all equations...
Building and optimizing final netlist ...
Found area constraint ratio of 100 (+ 5) on block notPipelined, actual ratio is 0.

Final Macro Processing ...

=========================================================================
Final Register Report

Macro Statistics
# Registers                                            : 8
 Flip-Flops                                            : 8

=========================================================================

=========================================================================
*                           Partition Report                            *
=========================================================================

Partition Implementation Status
-------------------------------

  No Partitions were found in this design.

-------------------------------

=========================================================================
*                            Final Report                               *
=========================================================================
Final Results
RTL Top Level Output File Name     : notPipelined.ngr
Top Level Output File Name         : notPipelined
Output Format                      : NGC
Optimization Goal                  : Speed
Keep Hierarchy                     : No

Design Statistics
# IOs                              : 17

Cell Usage :
# BELS                             : 43
#      GND                         : 1
#      LUT2                        : 1
#      LUT3                        : 6
#      LUT4                        : 15
#      MULT_AND                    : 5
#      MUXCY                       : 6
#      MUXF5                       : 3
#      XORCY                       : 6
# FlipFlops/Latches                : 8
#      FD                          : 8
# Clock Buffers                    : 1
#      BUFGP                       : 1
# IO Buffers                       : 16
#      IBUF                        : 8
#      OBUF                        : 8
=========================================================================

Device utilization summary:
---------------------------

Selected Device : 3s400pq208-5 

 Number of Slices:                       12  out of   3584     0%  
 Number of 4 input LUTs:                 22  out of   7168     0%  
 Number of IOs:                          17
 Number of bonded IOBs:                  17  out of    141    12%  
    IOB Flip Flops:                       8
 Number of GCLKs:                         1  out of      8    12%  

---------------------------
Partition Resource Summary:
---------------------------

  No Partitions were found in this design.

---------------------------


=========================================================================
TIMING REPORT

NOTE: THESE TIMING NUMBERS ARE ONLY A SYNTHESIS ESTIMATE.
      FOR ACCURATE TIMING INFORMATION PLEASE REFER TO THE TRACE REPORT
      GENERATED AFTER PLACE-and-ROUTE.

Clock Information:
------------------
-----------------------------------+------------------------+-------+
Clock Signal                       | Clock buffer(FF name)  | Load  |
-----------------------------------+------------------------+-------+
clock                              | BUFGP                  | 8     |
-----------------------------------+------------------------+-------+

Asynchronous Control Signals Information:
----------------------------------------
No asynchronous control signals found in this design

Timing Summary:
---------------
Speed Grade: -5

   Minimum period: No path found
   Minimum input arrival time before clock: 10.566ns
   Maximum output required time after clock: 6.216ns
   Maximum combinational path delay: No path found

Timing Detail:
--------------
All values displayed in nanoseconds (ns)

=========================================================================
Timing constraint: Default OFFSET IN BEFORE for Clock 'clock'
  Total number of paths / destination ports: 2252 / 8
-------------------------------------------------------------------------
Offset:              10.566ns (Levels of Logic = 10)
  Source:            b<0> (PAD)
  Destination:       Mmult_result_mult0000_1 (FF)
  Destination Clock: clock rising

  Data Path: b<0> to Mmult_result_mult0000_1
                                Gate     Net
    Cell:in->out      fanout   Delay   Delay  Logical Name (Net Name)
    ----------------------------------------  ------------
     IBUF:I->O             7   0.715   1.076  b_0_IBUF (b_0_IBUF)
     LUT4:I1->O            5   0.479   0.783  Mmult_result_mult0001_Madd_lut<1>1 (Mmult_result_mult0001_Madd_lut<1>)
     MUXF5:S->O            5   0.540   0.953  Mmult_result_mult0002_Madd_lut<1>_f5 (Mmult_result_mult0002_Madd_lut<1>)
     LUT3:I1->O            2   0.479   0.745  Mmult_result_mult0002_Madd_cy<2>1_SW1 (N4)
     MUXF5:S->O            2   0.540   1.040  Mmult_result_mult0002_Madd_cy<3>11_f5 (Mmult_result_mult0002_Madd_cy<3>)
     LUT3:I0->O            2   0.479   0.804  Mmult_result_mult0002_Madd_xor<4>11 (result_mult0002<4>)
     LUT4:I2->O            1   0.479   0.000  Mmult_result_mult0000_Madd_lut<4> (Mmult_result_mult0000_Madd_lut<4>)
     MUXCY:S->O            1   0.435   0.000  Mmult_result_mult0000_Madd_cy<4> (Mmult_result_mult0000_Madd_cy<4>)
     MUXCY:CI->O           1   0.056   0.000  Mmult_result_mult0000_Madd_cy<5> (Mmult_result_mult0000_Madd_cy<5>)
     XORCY:CI->O           1   0.786   0.000  Mmult_result_mult0000_Madd_xor<6> (Mmult_result_mult0000_Madd_6)
     FD:D                      0.176          Mmult_result_mult0000_1
    ----------------------------------------
    Total                     10.566ns (5.164ns logic, 5.402ns route)
                                       (48.9% logic, 51.1% route)

=========================================================================
Timing constraint: Default OFFSET OUT AFTER for Clock 'clock'
  Total number of paths / destination ports: 8 / 8
-------------------------------------------------------------------------
Offset:              6.216ns (Levels of Logic = 1)
  Source:            Mmult_result_mult0000_0 (FF)
  Destination:       result<7> (PAD)
  Source Clock:      clock rising

  Data Path: Mmult_result_mult0000_0 to result<7>
                                Gate     Net
    Cell:in->out      fanout   Delay   Delay  Logical Name (Net Name)
    ----------------------------------------  ------------
     FD:C->Q               1   0.626   0.681  Mmult_result_mult0000_0 (Mmult_result_mult0000_0)
     OBUF:I->O                 4.909          result_7_OBUF (result<7>)
    ----------------------------------------
    Total                      6.216ns (5.535ns logic, 0.681ns route)
                                       (89.0% logic, 11.0% route)

=========================================================================


Total REAL time to Xst completion: 4.00 secs
Total CPU time to Xst completion: 3.21 secs
 
--> 

Total memory usage is 259440 kilobytes

Number of errors   :    0 (   0 filtered)
Number of warnings :    0 (   0 filtered)
Number of infos    :    0 (   0 filtered)

