--------------------------------------------------------------------------------
Release 14.7 Trace  (nt64)
Copyright (c) 1995-2013 Xilinx, Inc.  All rights reserved.

C:\Xilinx\14.7\ISE_DS\ISE\bin\nt64\unwrapped\trce.exe -intstyle ise -v 3 -s 5
-n 3 -fastpaths -xml Pipelined.twx Pipelined.ncd -o Pipelined.twr Pipelined.pcf

Design file:              Pipelined.ncd
Physical constraint file: Pipelined.pcf
Device,package,speed:     xc3s400,pq208,-5 (PRODUCTION 1.39 2013-10-13)
Report level:             verbose report

Environment Variable      Effect 
--------------------      ------ 
NONE                      No environment variables were set
--------------------------------------------------------------------------------

INFO:Timing:2698 - No timing constraints found, doing default enumeration.
INFO:Timing:3412 - To improve timing, see the Timing Closure User Guide (UG612).
INFO:Timing:2752 - To get complete path coverage, use the unconstrained paths 
   option. All paths that are not constrained will be reported in the 
   unconstrained paths section(s) of the report.
INFO:Timing:3339 - The clock-to-out numbers in this timing report are based on 
   a 50 Ohm transmission line loading model.  For the details of this model, 
   and for more information on accounting for different loading conditions, 
   please see the device datasheet.
INFO:Timing:3390 - This architecture does not support a default System Jitter 
   value, please add SYSTEM_JITTER constraint to the UCF to modify the Clock 
   Uncertainty calculation.
INFO:Timing:3389 - This architecture does not support 'Discrete Jitter' and 
   'Phase Error' calculations, these terms will be zero in the Clock 
   Uncertainty calculation.  Please make appropriate modification to 
   SYSTEM_JITTER to account for the unsupported Discrete Jitter and Phase 
   Error.



Data Sheet report:
-----------------
All values displayed in nanoseconds (ns)

Setup/Hold to clock clock
------------+------------+------------+------------------+--------+
            |Max Setup to|Max Hold to |                  | Clock  |
Source      | clk (edge) | clk (edge) |Internal Clock(s) | Phase  |
------------+------------+------------+------------------+--------+
A<0>        |    0.641(R)|    0.769(R)|clock_BUFGP       |   0.000|
A<1>        |    0.940(R)|    0.530(R)|clock_BUFGP       |   0.000|
B<0>        |    0.632(R)|    0.776(R)|clock_BUFGP       |   0.000|
B<1>        |    0.597(R)|    0.805(R)|clock_BUFGP       |   0.000|
C<0>        |    0.346(R)|    1.005(R)|clock_BUFGP       |   0.000|
C<1>        |    0.295(R)|    1.046(R)|clock_BUFGP       |   0.000|
Data<0>     |    0.636(R)|    0.773(R)|clock_BUFGP       |   0.000|
Data<1>     |    0.878(R)|    0.580(R)|clock_BUFGP       |   0.000|
------------+------------+------------+------------------+--------+

Clock clock to Pad
------------+------------+------------------+--------+
            | clk (edge) |                  | Clock  |
Destination |   to PAD   |Internal Clock(s) | Phase  |
------------+------------+------------------+--------+
result<0>   |    8.029(R)|clock_BUFGP       |   0.000|
result<1>   |    8.227(R)|clock_BUFGP       |   0.000|
result<2>   |    7.311(R)|clock_BUFGP       |   0.000|
result<3>   |    7.311(R)|clock_BUFGP       |   0.000|
result<4>   |    7.311(R)|clock_BUFGP       |   0.000|
result<5>   |    7.311(R)|clock_BUFGP       |   0.000|
result<6>   |    7.936(R)|clock_BUFGP       |   0.000|
result<7>   |    7.907(R)|clock_BUFGP       |   0.000|
------------+------------+------------------+--------+

Clock to Setup on destination clock clock
---------------+---------+---------+---------+---------+
               | Src:Rise| Src:Fall| Src:Rise| Src:Fall|
Source Clock   |Dest:Rise|Dest:Rise|Dest:Fall|Dest:Fall|
---------------+---------+---------+---------+---------+
clock          |    5.278|         |         |         |
---------------+---------+---------+---------+---------+


Analysis completed Wed May 29 14:56:55 2019 
--------------------------------------------------------------------------------

Trace Settings:
-------------------------
Trace Settings 

Peak Memory Usage: 146 MB



